<?xml version="1.0" encoding="UTF-8"?>
<testsuite xmlns:xsi="http://www.w3.org/2001/XMLSchema-instance" xsi:noNamespaceSchemaLocation="https://maven.apache.org/surefire/maven-surefire-plugin/xsd/surefire-test-report.xsd" name="ru.demo.camunda.db.access.CamundaDbApplicationTests" time="16.456" tests="1" errors="0" skipped="0" failures="0">
  <properties>
    <property name="sun.desktop" value="windows"/>
    <property name="awt.toolkit" value="sun.awt.windows.WToolkit"/>
    <property name="java.specification.version" value="11"/>
    <property name="sun.cpu.isalist" value="amd64"/>
    <property name="sun.jnu.encoding" value="Cp1251"/>
    <property name="java.class.path" value="C:\work\tutorial\camunda\camunda_ds\access\target\test-classes;C:\work\tutorial\camunda\camunda_ds\access\target\classes;C:\Users\oandr\.m2\repository\org\springframework\boot\spring-boot-starter-data-jpa\2.3.4.RELEASE\spring-boot-starter-data-jpa-2.3.4.RELEASE.jar;C:\Users\oandr\.m2\repository\org\springframework\boot\spring-boot-starter-aop\2.3.4.RELEASE\spring-boot-starter-aop-2.3.4.RELEASE.jar;C:\Users\oandr\.m2\repository\org\springframework\spring-aop\5.2.9.RELEASE\spring-aop-5.2.9.RELEASE.jar;C:\Users\oandr\.m2\repository\org\aspectj\aspectjweaver\1.9.6\aspectjweaver-1.9.6.jar;C:\Users\oandr\.m2\repository\jakarta\transaction\jakarta.transaction-api\1.3.3\jakarta.transaction-api-1.3.3.jar;C:\Users\oandr\.m2\repository\jakarta\persistence\jakarta.persistence-api\2.2.3\jakarta.persistence-api-2.2.3.jar;C:\Users\oandr\.m2\repository\org\hibernate\hibernate-core\5.4.21.Final\hibernate-core-5.4.21.Final.jar;C:\Users\oandr\.m2\repository\org\jboss\logging\jboss-logging\3.4.1.Final\jboss-logging-3.4.1.Final.jar;C:\Users\oandr\.m2\repository\org\javassist\javassist\3.24.0-GA\javassist-3.24.0-GA.jar;C:\Users\oandr\.m2\repository\antlr\antlr\2.7.7\antlr-2.7.7.jar;C:\Users\oandr\.m2\repository\org\jboss\jandex\2.1.3.Final\jandex-2.1.3.Final.jar;C:\Users\oandr\.m2\repository\com\fasterxml\classmate\1.5.1\classmate-1.5.1.jar;C:\Users\oandr\.m2\repository\org\dom4j\dom4j\2.1.3\dom4j-2.1.3.jar;C:\Users\oandr\.m2\repository\org\hibernate\common\hibernate-commons-annotations\5.1.0.Final\hibernate-commons-annotations-5.1.0.Final.jar;C:\Users\oandr\.m2\repository\org\glassfish\jaxb\jaxb-runtime\2.3.3\jaxb-runtime-2.3.3.jar;C:\Users\oandr\.m2\repository\org\glassfish\jaxb\txw2\2.3.3\txw2-2.3.3.jar;C:\Users\oandr\.m2\repository\com\sun\istack\istack-commons-runtime\3.0.11\istack-commons-runtime-3.0.11.jar;C:\Users\oandr\.m2\repository\com\sun\activation\jakarta.activation\1.2.2\jakarta.activation-1.2.2.jar;C:\Users\oandr\.m2\repository\org\springframework\data\spring-data-jpa\2.3.4.RELEASE\spring-data-jpa-2.3.4.RELEASE.jar;C:\Users\oandr\.m2\repository\org\springframework\data\spring-data-commons\2.3.4.RELEASE\spring-data-commons-2.3.4.RELEASE.jar;C:\Users\oandr\.m2\repository\org\springframework\spring-beans\5.2.9.RELEASE\spring-beans-5.2.9.RELEASE.jar;C:\Users\oandr\.m2\repository\org\slf4j\slf4j-api\1.7.30\slf4j-api-1.7.30.jar;C:\Users\oandr\.m2\repository\org\springframework\spring-aspects\5.2.9.RELEASE\spring-aspects-5.2.9.RELEASE.jar;C:\Users\oandr\.m2\repository\org\springframework\boot\spring-boot-starter-web\2.3.4.RELEASE\spring-boot-starter-web-2.3.4.RELEASE.jar;C:\Users\oandr\.m2\repository\org\springframework\boot\spring-boot-starter\2.3.4.RELEASE\spring-boot-starter-2.3.4.RELEASE.jar;C:\Users\oandr\.m2\repository\org\springframework\boot\spring-boot\2.3.4.RELEASE\spring-boot-2.3.4.RELEASE.jar;C:\Users\oandr\.m2\repository\org\springframework\boot\spring-boot-starter-logging\2.3.4.RELEASE\spring-boot-starter-logging-2.3.4.RELEASE.jar;C:\Users\oandr\.m2\repository\ch\qos\logback\logback-classic\1.2.3\logback-classic-1.2.3.jar;C:\Users\oandr\.m2\repository\ch\qos\logback\logback-core\1.2.3\logback-core-1.2.3.jar;C:\Users\oandr\.m2\repository\org\apache\logging\log4j\log4j-to-slf4j\2.13.3\log4j-to-slf4j-2.13.3.jar;C:\Users\oandr\.m2\repository\org\apache\logging\log4j\log4j-api\2.13.3\log4j-api-2.13.3.jar;C:\Users\oandr\.m2\repository\org\slf4j\jul-to-slf4j\1.7.30\jul-to-slf4j-1.7.30.jar;C:\Users\oandr\.m2\repository\jakarta\annotation\jakarta.annotation-api\1.3.5\jakarta.annotation-api-1.3.5.jar;C:\Users\oandr\.m2\repository\org\yaml\snakeyaml\1.26\snakeyaml-1.26.jar;C:\Users\oandr\.m2\repository\org\springframework\boot\spring-boot-starter-json\2.3.4.RELEASE\spring-boot-starter-json-2.3.4.RELEASE.jar;C:\Users\oandr\.m2\repository\com\fasterxml\jackson\core\jackson-databind\2.11.2\jackson-databind-2.11.2.jar;C:\Users\oandr\.m2\repository\com\fasterxml\jackson\datatype\jackson-datatype-jdk8\2.11.2\jackson-datatype-jdk8-2.11.2.jar;C:\Users\oandr\.m2\repository\com\fasterxml\jackson\datatype\jackson-datatype-jsr310\2.11.2\jackson-datatype-jsr310-2.11.2.jar;C:\Users\oandr\.m2\repository\com\fasterxml\jackson\module\jackson-module-parameter-names\2.11.2\jackson-module-parameter-names-2.11.2.jar;C:\Users\oandr\.m2\repository\org\springframework\boot\spring-boot-starter-tomcat\2.3.4.RELEASE\spring-boot-starter-tomcat-2.3.4.RELEASE.jar;C:\Users\oandr\.m2\repository\org\apache\tomcat\embed\tomcat-embed-core\9.0.38\tomcat-embed-core-9.0.38.jar;C:\Users\oandr\.m2\repository\org\glassfish\jakarta.el\3.0.3\jakarta.el-3.0.3.jar;C:\Users\oandr\.m2\repository\org\apache\tomcat\embed\tomcat-embed-websocket\9.0.38\tomcat-embed-websocket-9.0.38.jar;C:\Users\oandr\.m2\repository\org\springframework\spring-web\5.2.9.RELEASE\spring-web-5.2.9.RELEASE.jar;C:\Users\oandr\.m2\repository\org\springframework\spring-webmvc\5.2.9.RELEASE\spring-webmvc-5.2.9.RELEASE.jar;C:\Users\oandr\.m2\repository\org\springframework\spring-expression\5.2.9.RELEASE\spring-expression-5.2.9.RELEASE.jar;C:\Users\oandr\.m2\repository\org\camunda\bpm\springboot\camunda-bpm-spring-boot-starter\7.13.0\camunda-bpm-spring-boot-starter-7.13.0.jar;C:\Users\oandr\.m2\repository\org\camunda\bpm\camunda-engine-spring\7.13.0\camunda-engine-spring-7.13.0.jar;C:\Users\oandr\.m2\repository\org\camunda\bpm\camunda-engine\7.13.0\camunda-engine-7.13.0.jar;C:\Users\oandr\.m2\repository\org\camunda\bpm\model\camunda-bpmn-model\7.13.0\camunda-bpmn-model-7.13.0.jar;C:\Users\oandr\.m2\repository\org\camunda\bpm\model\camunda-xml-model\7.13.0\camunda-xml-model-7.13.0.jar;C:\Users\oandr\.m2\repository\org\camunda\bpm\model\camunda-cmmn-model\7.13.0\camunda-cmmn-model-7.13.0.jar;C:\Users\oandr\.m2\repository\org\camunda\bpm\dmn\camunda-engine-dmn\7.13.0\camunda-engine-dmn-7.13.0.jar;C:\Users\oandr\.m2\repository\org\camunda\commons\camunda-commons-utils\1.9.0\camunda-commons-utils-1.9.0.jar;C:\Users\oandr\.m2\repository\org\camunda\bpm\model\camunda-dmn-model\7.13.0\camunda-dmn-model-7.13.0.jar;C:\Users\oandr\.m2\repository\org\camunda\bpm\dmn\camunda-engine-feel-api\7.13.0\camunda-engine-feel-api-7.13.0.jar;C:\Users\oandr\.m2\repository\org\camunda\bpm\dmn\camunda-engine-feel-juel\7.13.0\camunda-engine-feel-juel-7.13.0.jar;C:\Users\oandr\.m2\repository\org\camunda\bpm\dmn\camunda-engine-feel-scala\7.13.0\camunda-engine-feel-scala-7.13.0.jar;C:\Users\oandr\.m2\repository\org\camunda\commons\camunda-commons-logging\1.9.0\camunda-commons-logging-1.9.0.jar;C:\Users\oandr\.m2\repository\org\camunda\commons\camunda-commons-typed-values\7.13.0\camunda-commons-typed-values-7.13.0.jar;C:\Users\oandr\.m2\repository\org\mybatis\mybatis\3.5.3\mybatis-3.5.3.jar;C:\Users\oandr\.m2\repository\joda-time\joda-time\2.1\joda-time-2.1.jar;C:\Users\oandr\.m2\repository\commons-dbcp\commons-dbcp\1.4\commons-dbcp-1.4.jar;C:\Users\oandr\.m2\repository\commons-pool\commons-pool\1.6\commons-pool-1.6.jar;C:\Users\oandr\.m2\repository\org\springframework\spring-context\5.2.9.RELEASE\spring-context-5.2.9.RELEASE.jar;C:\Users\oandr\.m2\repository\org\springframework\spring-jdbc\5.2.9.RELEASE\spring-jdbc-5.2.9.RELEASE.jar;C:\Users\oandr\.m2\repository\org\springframework\spring-tx\5.2.9.RELEASE\spring-tx-5.2.9.RELEASE.jar;C:\Users\oandr\.m2\repository\org\springframework\spring-orm\5.2.9.RELEASE\spring-orm-5.2.9.RELEASE.jar;C:\Users\oandr\.m2\repository\org\springframework\boot\spring-boot-loader-tools\2.3.4.RELEASE\spring-boot-loader-tools-2.3.4.RELEASE.jar;C:\Users\oandr\.m2\repository\org\apache\commons\commons-compress\1.19\commons-compress-1.19.jar;C:\Users\oandr\.m2\repository\org\springframework\boot\spring-boot-autoconfigure\2.3.4.RELEASE\spring-boot-autoconfigure-2.3.4.RELEASE.jar;C:\Users\oandr\.m2\repository\org\apache\commons\commons-lang3\3.10\commons-lang3-3.10.jar;C:\Users\oandr\.m2\repository\com\fasterxml\uuid\java-uuid-generator\3.2.0\java-uuid-generator-3.2.0.jar;C:\Users\oandr\.m2\repository\org\camunda\bpm\springboot\camunda-bpm-spring-boot-starter-webapp\7.13.0\camunda-bpm-spring-boot-starter-webapp-7.13.0.jar;C:\Users\oandr\.m2\repository\org\camunda\bpm\springboot\camunda-bpm-spring-boot-starter-webapp-core\7.13.0\camunda-bpm-spring-boot-starter-webapp-core-7.13.0.jar;C:\Users\oandr\.m2\repository\org\camunda\bpm\webapp\camunda-webapp\7.13.0\camunda-webapp-7.13.0-classes.jar;C:\Users\oandr\.m2\repository\org\camunda\bpm\webapp\camunda-webapp-webjar\7.13.0\camunda-webapp-webjar-7.13.0.jar;C:\Users\oandr\.m2\repository\org\camunda\bpm\springboot\camunda-bpm-spring-boot-starter-rest\7.13.0\camunda-bpm-spring-boot-starter-rest-7.13.0.jar;C:\Users\oandr\.m2\repository\org\camunda\bpm\camunda-engine-rest-jaxrs2\7.13.0\camunda-engine-rest-jaxrs2-7.13.0.jar;C:\Users\oandr\.m2\repository\commons-fileupload\commons-fileupload\1.3.3\commons-fileupload-1.3.3.jar;C:\Users\oandr\.m2\repository\com\fasterxml\jackson\jaxrs\jackson-jaxrs-json-provider\2.11.2\jackson-jaxrs-json-provider-2.11.2.jar;C:\Users\oandr\.m2\repository\com\fasterxml\jackson\jaxrs\jackson-jaxrs-base\2.11.2\jackson-jaxrs-base-2.11.2.jar;C:\Users\oandr\.m2\repository\com\fasterxml\jackson\module\jackson-module-jaxb-annotations\2.11.2\jackson-module-jaxb-annotations-2.11.2.jar;C:\Users\oandr\.m2\repository\com\fasterxml\jackson\core\jackson-annotations\2.11.2\jackson-annotations-2.11.2.jar;C:\Users\oandr\.m2\repository\com\fasterxml\jackson\core\jackson-core\2.11.2\jackson-core-2.11.2.jar;C:\Users\oandr\.m2\repository\org\springframework\boot\spring-boot-starter-jersey\2.3.4.RELEASE\spring-boot-starter-jersey-2.3.4.RELEASE.jar;C:\Users\oandr\.m2\repository\org\springframework\boot\spring-boot-starter-validation\2.3.4.RELEASE\spring-boot-starter-validation-2.3.4.RELEASE.jar;C:\Users\oandr\.m2\repository\org\hibernate\validator\hibernate-validator\6.1.5.Final\hibernate-validator-6.1.5.Final.jar;C:\Users\oandr\.m2\repository\org\glassfish\jersey\core\jersey-server\2.30.1\jersey-server-2.30.1.jar;C:\Users\oandr\.m2\repository\org\glassfish\jersey\core\jersey-common\2.30.1\jersey-common-2.30.1.jar;C:\Users\oandr\.m2\repository\org\glassfish\hk2\osgi-resource-locator\1.0.3\osgi-resource-locator-1.0.3.jar;C:\Users\oandr\.m2\repository\org\glassfish\jersey\core\jersey-client\2.30.1\jersey-client-2.30.1.jar;C:\Users\oandr\.m2\repository\jakarta\ws\rs\jakarta.ws.rs-api\2.1.6\jakarta.ws.rs-api-2.1.6.jar;C:\Users\oandr\.m2\repository\org\glassfish\jersey\media\jersey-media-jaxb\2.30.1\jersey-media-jaxb-2.30.1.jar;C:\Users\oandr\.m2\repository\org\glassfish\hk2\external\jakarta.inject\2.6.1\jakarta.inject-2.6.1.jar;C:\Users\oandr\.m2\repository\jakarta\validation\jakarta.validation-api\2.0.2\jakarta.validation-api-2.0.2.jar;C:\Users\oandr\.m2\repository\org\glassfish\jersey\containers\jersey-container-servlet-core\2.30.1\jersey-container-servlet-core-2.30.1.jar;C:\Users\oandr\.m2\repository\org\glassfish\jersey\containers\jersey-container-servlet\2.30.1\jersey-container-servlet-2.30.1.jar;C:\Users\oandr\.m2\repository\org\glassfish\jersey\ext\jersey-bean-validation\2.30.1\jersey-bean-validation-2.30.1.jar;C:\Users\oandr\.m2\repository\org\glassfish\jersey\ext\jersey-spring5\2.30.1\jersey-spring5-2.30.1.jar;C:\Users\oandr\.m2\repository\org\glassfish\jersey\inject\jersey-hk2\2.30.1\jersey-hk2-2.30.1.jar;C:\Users\oandr\.m2\repository\org\glassfish\hk2\hk2-locator\2.6.1\hk2-locator-2.6.1.jar;C:\Users\oandr\.m2\repository\org\glassfish\hk2\external\aopalliance-repackaged\2.6.1\aopalliance-repackaged-2.6.1.jar;C:\Users\oandr\.m2\repository\org\glassfish\hk2\hk2\2.6.1\hk2-2.6.1.jar;C:\Users\oandr\.m2\repository\org\glassfish\hk2\hk2-utils\2.6.1\hk2-utils-2.6.1.jar;C:\Users\oandr\.m2\repository\org\glassfish\hk2\hk2-api\2.6.1\hk2-api-2.6.1.jar;C:\Users\oandr\.m2\repository\org\glassfish\hk2\hk2-core\2.6.1\hk2-core-2.6.1.jar;C:\Users\oandr\.m2\repository\org\glassfish\hk2\hk2-runlevel\2.6.1\hk2-runlevel-2.6.1.jar;C:\Users\oandr\.m2\repository\org\glassfish\hk2\class-model\2.6.1\class-model-2.6.1.jar;C:\Users\oandr\.m2\repository\org\ow2\asm\asm-analysis\7.1\asm-analysis-7.1.jar;C:\Users\oandr\.m2\repository\org\ow2\asm\asm-commons\7.1\asm-commons-7.1.jar;C:\Users\oandr\.m2\repository\org\ow2\asm\asm-tree\7.1\asm-tree-7.1.jar;C:\Users\oandr\.m2\repository\org\ow2\asm\asm-util\7.1\asm-util-7.1.jar;C:\Users\oandr\.m2\repository\org\glassfish\hk2\spring-bridge\2.6.1\spring-bridge-2.6.1.jar;C:\Users\oandr\.m2\repository\org\glassfish\jersey\media\jersey-media-json-jackson\2.30.1\jersey-media-json-jackson-2.30.1.jar;C:\Users\oandr\.m2\repository\org\glassfish\jersey\ext\jersey-entity-filtering\2.30.1\jersey-entity-filtering-2.30.1.jar;C:\Users\oandr\.m2\repository\org\postgresql\postgresql\42.2.16\postgresql-42.2.16.jar;C:\Users\oandr\.m2\repository\org\checkerframework\checker-qual\3.5.0\checker-qual-3.5.0.jar;C:\Users\oandr\.m2\repository\org\springframework\boot\spring-boot-starter-jdbc\2.3.4.RELEASE\spring-boot-starter-jdbc-2.3.4.RELEASE.jar;C:\Users\oandr\.m2\repository\com\zaxxer\HikariCP\3.4.5\HikariCP-3.4.5.jar;C:\Users\oandr\.m2\repository\com\h2database\h2\1.4.200\h2-1.4.200.jar;C:\Users\oandr\.m2\repository\org\projectlombok\lombok\1.18.12\lombok-1.18.12.jar;C:\Users\oandr\.m2\repository\org\springframework\boot\spring-boot-starter-test\2.3.4.RELEASE\spring-boot-starter-test-2.3.4.RELEASE.jar;C:\Users\oandr\.m2\repository\org\springframework\boot\spring-boot-test\2.3.4.RELEASE\spring-boot-test-2.3.4.RELEASE.jar;C:\Users\oandr\.m2\repository\org\springframework\boot\spring-boot-test-autoconfigure\2.3.4.RELEASE\spring-boot-test-autoconfigure-2.3.4.RELEASE.jar;C:\Users\oandr\.m2\repository\com\jayway\jsonpath\json-path\2.4.0\json-path-2.4.0.jar;C:\Users\oandr\.m2\repository\net\minidev\json-smart\2.3\json-smart-2.3.jar;C:\Users\oandr\.m2\repository\net\minidev\accessors-smart\1.2\accessors-smart-1.2.jar;C:\Users\oandr\.m2\repository\org\ow2\asm\asm\5.0.4\asm-5.0.4.jar;C:\Users\oandr\.m2\repository\jakarta\xml\bind\jakarta.xml.bind-api\2.3.3\jakarta.xml.bind-api-2.3.3.jar;C:\Users\oandr\.m2\repository\jakarta\activation\jakarta.activation-api\1.2.2\jakarta.activation-api-1.2.2.jar;C:\Users\oandr\.m2\repository\org\hamcrest\hamcrest\2.2\hamcrest-2.2.jar;C:\Users\oandr\.m2\repository\org\junit\jupiter\junit-jupiter\5.6.2\junit-jupiter-5.6.2.jar;C:\Users\oandr\.m2\repository\org\junit\jupiter\junit-jupiter-api\5.6.2\junit-jupiter-api-5.6.2.jar;C:\Users\oandr\.m2\repository\org\opentest4j\opentest4j\1.2.0\opentest4j-1.2.0.jar;C:\Users\oandr\.m2\repository\org\junit\platform\junit-platform-commons\1.6.2\junit-platform-commons-1.6.2.jar;C:\Users\oandr\.m2\repository\org\junit\jupiter\junit-jupiter-params\5.6.2\junit-jupiter-params-5.6.2.jar;C:\Users\oandr\.m2\repository\org\junit\jupiter\junit-jupiter-engine\5.6.2\junit-jupiter-engine-5.6.2.jar;C:\Users\oandr\.m2\repository\org\junit\vintage\junit-vintage-engine\5.6.2\junit-vintage-engine-5.6.2.jar;C:\Users\oandr\.m2\repository\org\apiguardian\apiguardian-api\1.1.0\apiguardian-api-1.1.0.jar;C:\Users\oandr\.m2\repository\org\junit\platform\junit-platform-engine\1.6.2\junit-platform-engine-1.6.2.jar;C:\Users\oandr\.m2\repository\org\mockito\mockito-junit-jupiter\3.3.3\mockito-junit-jupiter-3.3.3.jar;C:\Users\oandr\.m2\repository\org\skyscreamer\jsonassert\1.5.0\jsonassert-1.5.0.jar;C:\Users\oandr\.m2\repository\com\vaadin\external\google\android-json\0.0.20131108.vaadin1\android-json-0.0.20131108.vaadin1.jar;C:\Users\oandr\.m2\repository\org\springframework\spring-core\5.2.9.RELEASE\spring-core-5.2.9.RELEASE.jar;C:\Users\oandr\.m2\repository\org\springframework\spring-jcl\5.2.9.RELEASE\spring-jcl-5.2.9.RELEASE.jar;C:\Users\oandr\.m2\repository\org\springframework\spring-test\5.2.9.RELEASE\spring-test-5.2.9.RELEASE.jar;C:\Users\oandr\.m2\repository\org\xmlunit\xmlunit-core\2.7.0\xmlunit-core-2.7.0.jar;C:\Users\oandr\.m2\repository\org\camunda\bpm\extension\camunda-bpm-process-test-coverage\0.3.2\camunda-bpm-process-test-coverage-0.3.2.jar;C:\Users\oandr\.m2\repository\commons-io\commons-io\2.5\commons-io-2.5.jar;C:\Users\oandr\.m2\repository\org\hamcrest\hamcrest-library\2.2\hamcrest-library-2.2.jar;C:\Users\oandr\.m2\repository\junit\junit\4.13\junit-4.13.jar;C:\Users\oandr\.m2\repository\org\camunda\bpm\assert\camunda-bpm-assert\4.0.0\camunda-bpm-assert-4.0.0.jar;C:\Users\oandr\.m2\repository\org\assertj\assertj-core\3.16.1\assertj-core-3.16.1.jar;C:\Users\oandr\.m2\repository\org\powermock\powermock-module-junit4\2.0.0\powermock-module-junit4-2.0.0.jar;C:\Users\oandr\.m2\repository\org\powermock\powermock-module-junit4-common\2.0.0\powermock-module-junit4-common-2.0.0.jar;C:\Users\oandr\.m2\repository\org\powermock\powermock-reflect\2.0.0\powermock-reflect-2.0.0.jar;C:\Users\oandr\.m2\repository\org\powermock\powermock-core\2.0.0\powermock-core-2.0.0.jar;C:\Users\oandr\.m2\repository\org\hamcrest\hamcrest-core\2.2\hamcrest-core-2.2.jar;C:\Users\oandr\.m2\repository\org\mockito\mockito-core\2.24.5\mockito-core-2.24.5.jar;C:\Users\oandr\.m2\repository\net\bytebuddy\byte-buddy\1.10.14\byte-buddy-1.10.14.jar;C:\Users\oandr\.m2\repository\net\bytebuddy\byte-buddy-agent\1.10.14\byte-buddy-agent-1.10.14.jar;C:\Users\oandr\.m2\repository\org\objenesis\objenesis\2.6\objenesis-2.6.jar;"/>
    <property name="java.vm.vendor" value="JetBrains s.r.o."/>
    <property name="sun.arch.data.model" value="64"/>
    <property name="user.variant" value=""/>
    <property name="java.vendor.url" value="https://openjdk.java.net/"/>
    <property name="user.timezone" value="Europe/Moscow"/>
    <property name="java.vm.specification.version" value="11"/>
    <property name="os.name" value="Windows 10"/>
    <property name="sun.java.launcher" value="SUN_STANDARD"/>
    <property name="user.country" value="RU"/>
    <property name="sun.boot.library.path" value="C:\Program Files\JetBrains\IntelliJ IDEA Community Edition 2020.3.2\jbr\bin"/>
    <property name="sun.java.command" value="C:\Users\oandr\AppData\Local\Temp\surefire17057357938995716776\surefirebooter17576052800459984862.jar C:\Users\oandr\AppData\Local\Temp\surefire17057357938995716776 2021-05-25T18-13-12_236-jvmRun1 surefire9905894933376621953tmp surefire_013418308581457466452tmp"/>
    <property name="jdk.debug" value="release"/>
    <property name="surefire.test.class.path" value="C:\work\tutorial\camunda\camunda_ds\access\target\test-classes;C:\work\tutorial\camunda\camunda_ds\access\target\classes;C:\Users\oandr\.m2\repository\org\springframework\boot\spring-boot-starter-data-jpa\2.3.4.RELEASE\spring-boot-starter-data-jpa-2.3.4.RELEASE.jar;C:\Users\oandr\.m2\repository\org\springframework\boot\spring-boot-starter-aop\2.3.4.RELEASE\spring-boot-starter-aop-2.3.4.RELEASE.jar;C:\Users\oandr\.m2\repository\org\springframework\spring-aop\5.2.9.RELEASE\spring-aop-5.2.9.RELEASE.jar;C:\Users\oandr\.m2\repository\org\aspectj\aspectjweaver\1.9.6\aspectjweaver-1.9.6.jar;C:\Users\oandr\.m2\repository\jakarta\transaction\jakarta.transaction-api\1.3.3\jakarta.transaction-api-1.3.3.jar;C:\Users\oandr\.m2\repository\jakarta\persistence\jakarta.persistence-api\2.2.3\jakarta.persistence-api-2.2.3.jar;C:\Users\oandr\.m2\repository\org\hibernate\hibernate-core\5.4.21.Final\hibernate-core-5.4.21.Final.jar;C:\Users\oandr\.m2\repository\org\jboss\logging\jboss-logging\3.4.1.Final\jboss-logging-3.4.1.Final.jar;C:\Users\oandr\.m2\repository\org\javassist\javassist\3.24.0-GA\javassist-3.24.0-GA.jar;C:\Users\oandr\.m2\repository\antlr\antlr\2.7.7\antlr-2.7.7.jar;C:\Users\oandr\.m2\repository\org\jboss\jandex\2.1.3.Final\jandex-2.1.3.Final.jar;C:\Users\oandr\.m2\repository\com\fasterxml\classmate\1.5.1\classmate-1.5.1.jar;C:\Users\oandr\.m2\repository\org\dom4j\dom4j\2.1.3\dom4j-2.1.3.jar;C:\Users\oandr\.m2\repository\org\hibernate\common\hibernate-commons-annotations\5.1.0.Final\hibernate-commons-annotations-5.1.0.Final.jar;C:\Users\oandr\.m2\repository\org\glassfish\jaxb\jaxb-runtime\2.3.3\jaxb-runtime-2.3.3.jar;C:\Users\oandr\.m2\repository\org\glassfish\jaxb\txw2\2.3.3\txw2-2.3.3.jar;C:\Users\oandr\.m2\repository\com\sun\istack\istack-commons-runtime\3.0.11\istack-commons-runtime-3.0.11.jar;C:\Users\oandr\.m2\repository\com\sun\activation\jakarta.activation\1.2.2\jakarta.activation-1.2.2.jar;C:\Users\oandr\.m2\repository\org\springframework\data\spring-data-jpa\2.3.4.RELEASE\spring-data-jpa-2.3.4.RELEASE.jar;C:\Users\oandr\.m2\repository\org\springframework\data\spring-data-commons\2.3.4.RELEASE\spring-data-commons-2.3.4.RELEASE.jar;C:\Users\oandr\.m2\repository\org\springframework\spring-beans\5.2.9.RELEASE\spring-beans-5.2.9.RELEASE.jar;C:\Users\oandr\.m2\repository\org\slf4j\slf4j-api\1.7.30\slf4j-api-1.7.30.jar;C:\Users\oandr\.m2\repository\org\springframework\spring-aspects\5.2.9.RELEASE\spring-aspects-5.2.9.RELEASE.jar;C:\Users\oandr\.m2\repository\org\springframework\boot\spring-boot-starter-web\2.3.4.RELEASE\spring-boot-starter-web-2.3.4.RELEASE.jar;C:\Users\oandr\.m2\repository\org\springframework\boot\spring-boot-starter\2.3.4.RELEASE\spring-boot-starter-2.3.4.RELEASE.jar;C:\Users\oandr\.m2\repository\org\springframework\boot\spring-boot\2.3.4.RELEASE\spring-boot-2.3.4.RELEASE.jar;C:\Users\oandr\.m2\repository\org\springframework\boot\spring-boot-starter-logging\2.3.4.RELEASE\spring-boot-starter-logging-2.3.4.RELEASE.jar;C:\Users\oandr\.m2\repository\ch\qos\logback\logback-classic\1.2.3\logback-classic-1.2.3.jar;C:\Users\oandr\.m2\repository\ch\qos\logback\logback-core\1.2.3\logback-core-1.2.3.jar;C:\Users\oandr\.m2\repository\org\apache\logging\log4j\log4j-to-slf4j\2.13.3\log4j-to-slf4j-2.13.3.jar;C:\Users\oandr\.m2\repository\org\apache\logging\log4j\log4j-api\2.13.3\log4j-api-2.13.3.jar;C:\Users\oandr\.m2\repository\org\slf4j\jul-to-slf4j\1.7.30\jul-to-slf4j-1.7.30.jar;C:\Users\oandr\.m2\repository\jakarta\annotation\jakarta.annotation-api\1.3.5\jakarta.annotation-api-1.3.5.jar;C:\Users\oandr\.m2\repository\org\yaml\snakeyaml\1.26\snakeyaml-1.26.jar;C:\Users\oandr\.m2\repository\org\springframework\boot\spring-boot-starter-json\2.3.4.RELEASE\spring-boot-starter-json-2.3.4.RELEASE.jar;C:\Users\oandr\.m2\repository\com\fasterxml\jackson\core\jackson-databind\2.11.2\jackson-databind-2.11.2.jar;C:\Users\oandr\.m2\repository\com\fasterxml\jackson\datatype\jackson-datatype-jdk8\2.11.2\jackson-datatype-jdk8-2.11.2.jar;C:\Users\oandr\.m2\repository\com\fasterxml\jackson\datatype\jackson-datatype-jsr310\2.11.2\jackson-datatype-jsr310-2.11.2.jar;C:\Users\oandr\.m2\repository\com\fasterxml\jackson\module\jackson-module-parameter-names\2.11.2\jackson-module-parameter-names-2.11.2.jar;C:\Users\oandr\.m2\repository\org\springframework\boot\spring-boot-starter-tomcat\2.3.4.RELEASE\spring-boot-starter-tomcat-2.3.4.RELEASE.jar;C:\Users\oandr\.m2\repository\org\apache\tomcat\embed\tomcat-embed-core\9.0.38\tomcat-embed-core-9.0.38.jar;C:\Users\oandr\.m2\repository\org\glassfish\jakarta.el\3.0.3\jakarta.el-3.0.3.jar;C:\Users\oandr\.m2\repository\org\apache\tomcat\embed\tomcat-embed-websocket\9.0.38\tomcat-embed-websocket-9.0.38.jar;C:\Users\oandr\.m2\repository\org\springframework\spring-web\5.2.9.RELEASE\spring-web-5.2.9.RELEASE.jar;C:\Users\oandr\.m2\repository\org\springframework\spring-webmvc\5.2.9.RELEASE\spring-webmvc-5.2.9.RELEASE.jar;C:\Users\oandr\.m2\repository\org\springframework\spring-expression\5.2.9.RELEASE\spring-expression-5.2.9.RELEASE.jar;C:\Users\oandr\.m2\repository\org\camunda\bpm\springboot\camunda-bpm-spring-boot-starter\7.13.0\camunda-bpm-spring-boot-starter-7.13.0.jar;C:\Users\oandr\.m2\repository\org\camunda\bpm\camunda-engine-spring\7.13.0\camunda-engine-spring-7.13.0.jar;C:\Users\oandr\.m2\repository\org\camunda\bpm\camunda-engine\7.13.0\camunda-engine-7.13.0.jar;C:\Users\oandr\.m2\repository\org\camunda\bpm\model\camunda-bpmn-model\7.13.0\camunda-bpmn-model-7.13.0.jar;C:\Users\oandr\.m2\repository\org\camunda\bpm\model\camunda-xml-model\7.13.0\camunda-xml-model-7.13.0.jar;C:\Users\oandr\.m2\repository\org\camunda\bpm\model\camunda-cmmn-model\7.13.0\camunda-cmmn-model-7.13.0.jar;C:\Users\oandr\.m2\repository\org\camunda\bpm\dmn\camunda-engine-dmn\7.13.0\camunda-engine-dmn-7.13.0.jar;C:\Users\oandr\.m2\repository\org\camunda\commons\camunda-commons-utils\1.9.0\camunda-commons-utils-1.9.0.jar;C:\Users\oandr\.m2\repository\org\camunda\bpm\model\camunda-dmn-model\7.13.0\camunda-dmn-model-7.13.0.jar;C:\Users\oandr\.m2\repository\org\camunda\bpm\dmn\camunda-engine-feel-api\7.13.0\camunda-engine-feel-api-7.13.0.jar;C:\Users\oandr\.m2\repository\org\camunda\bpm\dmn\camunda-engine-feel-juel\7.13.0\camunda-engine-feel-juel-7.13.0.jar;C:\Users\oandr\.m2\repository\org\camunda\bpm\dmn\camunda-engine-feel-scala\7.13.0\camunda-engine-feel-scala-7.13.0.jar;C:\Users\oandr\.m2\repository\org\camunda\commons\camunda-commons-logging\1.9.0\camunda-commons-logging-1.9.0.jar;C:\Users\oandr\.m2\repository\org\camunda\commons\camunda-commons-typed-values\7.13.0\camunda-commons-typed-values-7.13.0.jar;C:\Users\oandr\.m2\repository\org\mybatis\mybatis\3.5.3\mybatis-3.5.3.jar;C:\Users\oandr\.m2\repository\joda-time\joda-time\2.1\joda-time-2.1.jar;C:\Users\oandr\.m2\repository\commons-dbcp\commons-dbcp\1.4\commons-dbcp-1.4.jar;C:\Users\oandr\.m2\repository\commons-pool\commons-pool\1.6\commons-pool-1.6.jar;C:\Users\oandr\.m2\repository\org\springframework\spring-context\5.2.9.RELEASE\spring-context-5.2.9.RELEASE.jar;C:\Users\oandr\.m2\repository\org\springframework\spring-jdbc\5.2.9.RELEASE\spring-jdbc-5.2.9.RELEASE.jar;C:\Users\oandr\.m2\repository\org\springframework\spring-tx\5.2.9.RELEASE\spring-tx-5.2.9.RELEASE.jar;C:\Users\oandr\.m2\repository\org\springframework\spring-orm\5.2.9.RELEASE\spring-orm-5.2.9.RELEASE.jar;C:\Users\oandr\.m2\repository\org\springframework\boot\spring-boot-loader-tools\2.3.4.RELEASE\spring-boot-loader-tools-2.3.4.RELEASE.jar;C:\Users\oandr\.m2\repository\org\apache\commons\commons-compress\1.19\commons-compress-1.19.jar;C:\Users\oandr\.m2\repository\org\springframework\boot\spring-boot-autoconfigure\2.3.4.RELEASE\spring-boot-autoconfigure-2.3.4.RELEASE.jar;C:\Users\oandr\.m2\repository\org\apache\commons\commons-lang3\3.10\commons-lang3-3.10.jar;C:\Users\oandr\.m2\repository\com\fasterxml\uuid\java-uuid-generator\3.2.0\java-uuid-generator-3.2.0.jar;C:\Users\oandr\.m2\repository\org\camunda\bpm\springboot\camunda-bpm-spring-boot-starter-webapp\7.13.0\camunda-bpm-spring-boot-starter-webapp-7.13.0.jar;C:\Users\oandr\.m2\repository\org\camunda\bpm\springboot\camunda-bpm-spring-boot-starter-webapp-core\7.13.0\camunda-bpm-spring-boot-starter-webapp-core-7.13.0.jar;C:\Users\oandr\.m2\repository\org\camunda\bpm\webapp\camunda-webapp\7.13.0\camunda-webapp-7.13.0-classes.jar;C:\Users\oandr\.m2\repository\org\camunda\bpm\webapp\camunda-webapp-webjar\7.13.0\camunda-webapp-webjar-7.13.0.jar;C:\Users\oandr\.m2\repository\org\camunda\bpm\springboot\camunda-bpm-spring-boot-starter-rest\7.13.0\camunda-bpm-spring-boot-starter-rest-7.13.0.jar;C:\Users\oandr\.m2\repository\org\camunda\bpm\camunda-engine-rest-jaxrs2\7.13.0\camunda-engine-rest-jaxrs2-7.13.0.jar;C:\Users\oandr\.m2\repository\commons-fileupload\commons-fileupload\1.3.3\commons-fileupload-1.3.3.jar;C:\Users\oandr\.m2\repository\com\fasterxml\jackson\jaxrs\jackson-jaxrs-json-provider\2.11.2\jackson-jaxrs-json-provider-2.11.2.jar;C:\Users\oandr\.m2\repository\com\fasterxml\jackson\jaxrs\jackson-jaxrs-base\2.11.2\jackson-jaxrs-base-2.11.2.jar;C:\Users\oandr\.m2\repository\com\fasterxml\jackson\module\jackson-module-jaxb-annotations\2.11.2\jackson-module-jaxb-annotations-2.11.2.jar;C:\Users\oandr\.m2\repository\com\fasterxml\jackson\core\jackson-annotations\2.11.2\jackson-annotations-2.11.2.jar;C:\Users\oandr\.m2\repository\com\fasterxml\jackson\core\jackson-core\2.11.2\jackson-core-2.11.2.jar;C:\Users\oandr\.m2\repository\org\springframework\boot\spring-boot-starter-jersey\2.3.4.RELEASE\spring-boot-starter-jersey-2.3.4.RELEASE.jar;C:\Users\oandr\.m2\repository\org\springframework\boot\spring-boot-starter-validation\2.3.4.RELEASE\spring-boot-starter-validation-2.3.4.RELEASE.jar;C:\Users\oandr\.m2\repository\org\hibernate\validator\hibernate-validator\6.1.5.Final\hibernate-validator-6.1.5.Final.jar;C:\Users\oandr\.m2\repository\org\glassfish\jersey\core\jersey-server\2.30.1\jersey-server-2.30.1.jar;C:\Users\oandr\.m2\repository\org\glassfish\jersey\core\jersey-common\2.30.1\jersey-common-2.30.1.jar;C:\Users\oandr\.m2\repository\org\glassfish\hk2\osgi-resource-locator\1.0.3\osgi-resource-locator-1.0.3.jar;C:\Users\oandr\.m2\repository\org\glassfish\jersey\core\jersey-client\2.30.1\jersey-client-2.30.1.jar;C:\Users\oandr\.m2\repository\jakarta\ws\rs\jakarta.ws.rs-api\2.1.6\jakarta.ws.rs-api-2.1.6.jar;C:\Users\oandr\.m2\repository\org\glassfish\jersey\media\jersey-media-jaxb\2.30.1\jersey-media-jaxb-2.30.1.jar;C:\Users\oandr\.m2\repository\org\glassfish\hk2\external\jakarta.inject\2.6.1\jakarta.inject-2.6.1.jar;C:\Users\oandr\.m2\repository\jakarta\validation\jakarta.validation-api\2.0.2\jakarta.validation-api-2.0.2.jar;C:\Users\oandr\.m2\repository\org\glassfish\jersey\containers\jersey-container-servlet-core\2.30.1\jersey-container-servlet-core-2.30.1.jar;C:\Users\oandr\.m2\repository\org\glassfish\jersey\containers\jersey-container-servlet\2.30.1\jersey-container-servlet-2.30.1.jar;C:\Users\oandr\.m2\repository\org\glassfish\jersey\ext\jersey-bean-validation\2.30.1\jersey-bean-validation-2.30.1.jar;C:\Users\oandr\.m2\repository\org\glassfish\jersey\ext\jersey-spring5\2.30.1\jersey-spring5-2.30.1.jar;C:\Users\oandr\.m2\repository\org\glassfish\jersey\inject\jersey-hk2\2.30.1\jersey-hk2-2.30.1.jar;C:\Users\oandr\.m2\repository\org\glassfish\hk2\hk2-locator\2.6.1\hk2-locator-2.6.1.jar;C:\Users\oandr\.m2\repository\org\glassfish\hk2\external\aopalliance-repackaged\2.6.1\aopalliance-repackaged-2.6.1.jar;C:\Users\oandr\.m2\repository\org\glassfish\hk2\hk2\2.6.1\hk2-2.6.1.jar;C:\Users\oandr\.m2\repository\org\glassfish\hk2\hk2-utils\2.6.1\hk2-utils-2.6.1.jar;C:\Users\oandr\.m2\repository\org\glassfish\hk2\hk2-api\2.6.1\hk2-api-2.6.1.jar;C:\Users\oandr\.m2\repository\org\glassfish\hk2\hk2-core\2.6.1\hk2-core-2.6.1.jar;C:\Users\oandr\.m2\repository\org\glassfish\hk2\hk2-runlevel\2.6.1\hk2-runlevel-2.6.1.jar;C:\Users\oandr\.m2\repository\org\glassfish\hk2\class-model\2.6.1\class-model-2.6.1.jar;C:\Users\oandr\.m2\repository\org\ow2\asm\asm-analysis\7.1\asm-analysis-7.1.jar;C:\Users\oandr\.m2\repository\org\ow2\asm\asm-commons\7.1\asm-commons-7.1.jar;C:\Users\oandr\.m2\repository\org\ow2\asm\asm-tree\7.1\asm-tree-7.1.jar;C:\Users\oandr\.m2\repository\org\ow2\asm\asm-util\7.1\asm-util-7.1.jar;C:\Users\oandr\.m2\repository\org\glassfish\hk2\spring-bridge\2.6.1\spring-bridge-2.6.1.jar;C:\Users\oandr\.m2\repository\org\glassfish\jersey\media\jersey-media-json-jackson\2.30.1\jersey-media-json-jackson-2.30.1.jar;C:\Users\oandr\.m2\repository\org\glassfish\jersey\ext\jersey-entity-filtering\2.30.1\jersey-entity-filtering-2.30.1.jar;C:\Users\oandr\.m2\repository\org\postgresql\postgresql\42.2.16\postgresql-42.2.16.jar;C:\Users\oandr\.m2\repository\org\checkerframework\checker-qual\3.5.0\checker-qual-3.5.0.jar;C:\Users\oandr\.m2\repository\org\springframework\boot\spring-boot-starter-jdbc\2.3.4.RELEASE\spring-boot-starter-jdbc-2.3.4.RELEASE.jar;C:\Users\oandr\.m2\repository\com\zaxxer\HikariCP\3.4.5\HikariCP-3.4.5.jar;C:\Users\oandr\.m2\repository\com\h2database\h2\1.4.200\h2-1.4.200.jar;C:\Users\oandr\.m2\repository\org\projectlombok\lombok\1.18.12\lombok-1.18.12.jar;C:\Users\oandr\.m2\repository\org\springframework\boot\spring-boot-starter-test\2.3.4.RELEASE\spring-boot-starter-test-2.3.4.RELEASE.jar;C:\Users\oandr\.m2\repository\org\springframework\boot\spring-boot-test\2.3.4.RELEASE\spring-boot-test-2.3.4.RELEASE.jar;C:\Users\oandr\.m2\repository\org\springframework\boot\spring-boot-test-autoconfigure\2.3.4.RELEASE\spring-boot-test-autoconfigure-2.3.4.RELEASE.jar;C:\Users\oandr\.m2\repository\com\jayway\jsonpath\json-path\2.4.0\json-path-2.4.0.jar;C:\Users\oandr\.m2\repository\net\minidev\json-smart\2.3\json-smart-2.3.jar;C:\Users\oandr\.m2\repository\net\minidev\accessors-smart\1.2\accessors-smart-1.2.jar;C:\Users\oandr\.m2\repository\org\ow2\asm\asm\5.0.4\asm-5.0.4.jar;C:\Users\oandr\.m2\repository\jakarta\xml\bind\jakarta.xml.bind-api\2.3.3\jakarta.xml.bind-api-2.3.3.jar;C:\Users\oandr\.m2\repository\jakarta\activation\jakarta.activation-api\1.2.2\jakarta.activation-api-1.2.2.jar;C:\Users\oandr\.m2\repository\org\hamcrest\hamcrest\2.2\hamcrest-2.2.jar;C:\Users\oandr\.m2\repository\org\junit\jupiter\junit-jupiter\5.6.2\junit-jupiter-5.6.2.jar;C:\Users\oandr\.m2\repository\org\junit\jupiter\junit-jupiter-api\5.6.2\junit-jupiter-api-5.6.2.jar;C:\Users\oandr\.m2\repository\org\opentest4j\opentest4j\1.2.0\opentest4j-1.2.0.jar;C:\Users\oandr\.m2\repository\org\junit\platform\junit-platform-commons\1.6.2\junit-platform-commons-1.6.2.jar;C:\Users\oandr\.m2\repository\org\junit\jupiter\junit-jupiter-params\5.6.2\junit-jupiter-params-5.6.2.jar;C:\Users\oandr\.m2\repository\org\junit\jupiter\junit-jupiter-engine\5.6.2\junit-jupiter-engine-5.6.2.jar;C:\Users\oandr\.m2\repository\org\junit\vintage\junit-vintage-engine\5.6.2\junit-vintage-engine-5.6.2.jar;C:\Users\oandr\.m2\repository\org\apiguardian\apiguardian-api\1.1.0\apiguardian-api-1.1.0.jar;C:\Users\oandr\.m2\repository\org\junit\platform\junit-platform-engine\1.6.2\junit-platform-engine-1.6.2.jar;C:\Users\oandr\.m2\repository\org\mockito\mockito-junit-jupiter\3.3.3\mockito-junit-jupiter-3.3.3.jar;C:\Users\oandr\.m2\repository\org\skyscreamer\jsonassert\1.5.0\jsonassert-1.5.0.jar;C:\Users\oandr\.m2\repository\com\vaadin\external\google\android-json\0.0.20131108.vaadin1\android-json-0.0.20131108.vaadin1.jar;C:\Users\oandr\.m2\repository\org\springframework\spring-core\5.2.9.RELEASE\spring-core-5.2.9.RELEASE.jar;C:\Users\oandr\.m2\repository\org\springframework\spring-jcl\5.2.9.RELEASE\spring-jcl-5.2.9.RELEASE.jar;C:\Users\oandr\.m2\repository\org\springframework\spring-test\5.2.9.RELEASE\spring-test-5.2.9.RELEASE.jar;C:\Users\oandr\.m2\repository\org\xmlunit\xmlunit-core\2.7.0\xmlunit-core-2.7.0.jar;C:\Users\oandr\.m2\repository\org\camunda\bpm\extension\camunda-bpm-process-test-coverage\0.3.2\camunda-bpm-process-test-coverage-0.3.2.jar;C:\Users\oandr\.m2\repository\commons-io\commons-io\2.5\commons-io-2.5.jar;C:\Users\oandr\.m2\repository\org\hamcrest\hamcrest-library\2.2\hamcrest-library-2.2.jar;C:\Users\oandr\.m2\repository\junit\junit\4.13\junit-4.13.jar;C:\Users\oandr\.m2\repository\org\camunda\bpm\assert\camunda-bpm-assert\4.0.0\camunda-bpm-assert-4.0.0.jar;C:\Users\oandr\.m2\repository\org\assertj\assertj-core\3.16.1\assertj-core-3.16.1.jar;C:\Users\oandr\.m2\repository\org\powermock\powermock-module-junit4\2.0.0\powermock-module-junit4-2.0.0.jar;C:\Users\oandr\.m2\repository\org\powermock\powermock-module-junit4-common\2.0.0\powermock-module-junit4-common-2.0.0.jar;C:\Users\oandr\.m2\repository\org\powermock\powermock-reflect\2.0.0\powermock-reflect-2.0.0.jar;C:\Users\oandr\.m2\repository\org\powermock\powermock-core\2.0.0\powermock-core-2.0.0.jar;C:\Users\oandr\.m2\repository\org\hamcrest\hamcrest-core\2.2\hamcrest-core-2.2.jar;C:\Users\oandr\.m2\repository\org\mockito\mockito-core\2.24.5\mockito-core-2.24.5.jar;C:\Users\oandr\.m2\repository\net\bytebuddy\byte-buddy\1.10.14\byte-buddy-1.10.14.jar;C:\Users\oandr\.m2\repository\net\bytebuddy\byte-buddy-agent\1.10.14\byte-buddy-agent-1.10.14.jar;C:\Users\oandr\.m2\repository\org\objenesis\objenesis\2.6\objenesis-2.6.jar;"/>
    <property name="sun.cpu.endian" value="little"/>
    <property name="user.home" value="C:\Users\oandr"/>
    <property name="user.language" value="ru"/>
    <property name="java.specification.vendor" value="Oracle Corporation"/>
    <property name="java.version.date" value="2020-11-04"/>
    <property name="java.home" value="C:\Program Files\JetBrains\IntelliJ IDEA Community Edition 2020.3.2\jbr"/>
    <property name="file.separator" value="\"/>
    <property name="basedir" value="C:\work\tutorial\camunda\camunda_ds\access"/>
    <property name="java.vm.compressedOopsMode" value="Zero based"/>
    <property name="line.separator" value="&#10;"/>
    <property name="java.specification.name" value="Java Platform API Specification"/>
    <property name="java.vm.specification.vendor" value="Oracle Corporation"/>
    <property name="java.awt.graphicsenv" value="sun.awt.Win32GraphicsEnvironment"/>
    <property name="surefire.real.class.path" value="C:\Users\oandr\AppData\Local\Temp\surefire17057357938995716776\surefirebooter17576052800459984862.jar"/>
    <property name="user.script" value=""/>
    <property name="sun.management.compiler" value="HotSpot 64-Bit Tiered Compilers"/>
    <property name="java.runtime.version" value="11.0.9.1+11-b1145.77"/>
    <property name="user.name" value="oandreev"/>
    <property name="path.separator" value=";"/>
    <property name="os.version" value="10.0"/>
    <property name="java.runtime.name" value="OpenJDK Runtime Environment"/>
    <property name="file.encoding" value="Cp1251"/>
    <property name="java.vm.name" value="OpenJDK 64-Bit Server VM"/>
    <property name="java.vendor.version" value="JBR-11.0.9.1.11-1145.77-jcef"/>
    <property name="localRepository" value="C:\Users\oandr\.m2\repository"/>
    <property name="java.vendor.url.bug" value="https://bugreport.java.com/bugreport/"/>
    <property name="java.io.tmpdir" value="C:\Users\oandr\AppData\Local\Temp\"/>
    <property name="idea.version" value="2020.3.2"/>
    <property name="java.version" value="11.0.9.1"/>
    <property name="user.dir" value="C:\work\tutorial\camunda\camunda_ds\access"/>
    <property name="os.arch" value="amd64"/>
    <property name="java.vm.specification.name" value="Java Virtual Machine Specification"/>
    <property name="java.awt.printerjob" value="sun.awt.windows.WPrinterJob"/>
    <property name="sun.os.patch.level" value=""/>
    <property name="java.library.path" value="C:\Program Files\JetBrains\IntelliJ IDEA Community Edition 2020.3.2\jbr\bin;C:\WINDOWS\Sun\Java\bin;C:\WINDOWS\system32;C:\WINDOWS;C:\Program Files\Java\jdk1.8.0_221\bin;C:\Program Files (x86)\Common Files\Oracle\Java\javapath;C:\Program Files (x86)\IBM\WebSphere MQ\java\lib;C:\Program Files (x86)\IBM\WebSphere MQ\java\lib64;C:\work\tutorial\Kubernetes;C:\WINDOWS\system32;C:\WINDOWS;C:\WINDOWS\System32\Wbem;C:\WINDOWS\System32\WindowsPowerShell\v1.0\;C:\WINDOWS\System32\OpenSSH\;C:\Program Files\nodejs\;C:\HashiCorp\Vagrant\;C:\Program Files\PuTTY\;C:\Program Files\Git\cmd;C:\Program Files\WSO2\API Manager\3.0.0\bin;C:\Program Files (x86)\IBM\WebSphere MQ\bin64;C:\Program Files (x86)\IBM\WebSphere MQ\bin;C:\Program Files (x86)\IBM\WebSphere MQ\tools\c\samples\bin;c:\Program Files\maven-3.6.3\bin;C:\HashiCorp\Vagrant\bin;C:\Program Files\MySQL\MySQL Shell 8.0\bin\;C:\work\tutorial\Kubernetes;C:\Program Files\JetBrains\IntelliJ IDEA Community Edition 2019.2\bin;;C:\Users\oandr\AppData\Roaming\npm;C:\Program Files\JetBrains\WebStorm 2019.2\bin;;C:\work\bin;C:\Users\oandr\AppData\Local\Microsoft\WindowsApps;C:\Program Files\Java\jdk1.8.0_221\bin;;."/>
    <property name="java.vm.info" value="mixed mode"/>
    <property name="java.vendor" value="JetBrains s.r.o."/>
    <property name="java.vm.version" value="11.0.9.1+11-b1145.77"/>
    <property name="sun.io.unicode.encoding" value="UnicodeLittle"/>
    <property name="java.class.version" value="55.0"/>
  </properties>
  <testcase name="testSampleCase_happyPath" classname="ru.demo.camunda.db.access.CamundaDbApplicationTests" time="16.439"/>
</testsuite>